2018-05-21 15:45:31.856 [http-nio-9090-exec-1] DEBUG com.my.blog.website.service.impl.ContentServiceImpl - Enter getContents method
2018-05-21 15:45:32.020 [http-nio-9090-exec-1] DEBUG com.my.blog.website.service.impl.ContentServiceImpl - Exit getContents method
2018-05-21 15:45:57.019 [http-nio-9090-exec-5] DEBUG com.my.blog.website.service.impl.SiteServiceImpl - Enter getArchives method
2018-05-21 15:45:57.041 [http-nio-9090-exec-5] DEBUG com.my.blog.website.service.impl.SiteServiceImpl - Exit getArchives method
2018-05-21 15:46:04.558 [http-nio-9090-exec-8] DEBUG com.my.blog.website.service.impl.SiteServiceImpl - Enter getArchives method
2018-05-21 15:46:04.563 [http-nio-9090-exec-8] DEBUG com.my.blog.website.service.impl.SiteServiceImpl - Exit getArchives method
2018-05-21 15:59:37.654 [http-nio-9090-exec-1] DEBUG com.my.blog.website.service.impl.ContentServiceImpl - Enter getContents method
2018-05-21 15:59:37.840 [http-nio-9090-exec-1] DEBUG com.my.blog.website.service.impl.ContentServiceImpl - Exit getContents method
2018-05-21 16:16:11.124 [http-nio-9090-exec-6] INFO  com.my.blog.website.controller.admin.IndexController - Enter admin index method
2018-05-21 16:16:11.125 [http-nio-9090-exec-6] DEBUG com.my.blog.website.service.impl.SiteServiceImpl - Enter recentComments method:limit=5
2018-05-21 16:16:11.153 [http-nio-9090-exec-6] DEBUG com.my.blog.website.service.impl.SiteServiceImpl - Exit recentComments method
2018-05-21 16:16:11.153 [http-nio-9090-exec-6] DEBUG com.my.blog.website.service.impl.SiteServiceImpl - Enter recentContents method
2018-05-21 16:16:11.167 [http-nio-9090-exec-6] DEBUG com.my.blog.website.service.impl.SiteServiceImpl - Exit recentContents method
2018-05-21 16:16:11.168 [http-nio-9090-exec-6] DEBUG com.my.blog.website.service.impl.SiteServiceImpl - Enter getStatistics method
2018-05-21 16:16:11.188 [http-nio-9090-exec-6] DEBUG com.my.blog.website.service.impl.SiteServiceImpl - Exit getStatistics method
2018-05-21 16:16:11.189 [http-nio-9090-exec-6] DEBUG com.my.blog.website.service.impl.LogServiceImpl - Enter getLogs method:page=1,linit=5
2018-05-21 16:16:11.199 [http-nio-9090-exec-6] DEBUG com.my.blog.website.service.impl.LogServiceImpl - Exit getLogs method
2018-05-21 16:16:11.199 [http-nio-9090-exec-6] INFO  com.my.blog.website.controller.admin.IndexController - Exit admin index method
2018-05-21 16:58:00.284 [http-nio-9090-exec-10] INFO  com.my.blog.website.controller.admin.IndexController - Enter admin index method
2018-05-21 16:58:00.285 [http-nio-9090-exec-10] DEBUG com.my.blog.website.service.impl.SiteServiceImpl - Enter recentComments method:limit=5
2018-05-21 16:58:00.317 [http-nio-9090-exec-10] DEBUG com.my.blog.website.service.impl.SiteServiceImpl - Exit recentComments method
2018-05-21 16:58:00.317 [http-nio-9090-exec-10] DEBUG com.my.blog.website.service.impl.SiteServiceImpl - Enter recentContents method
2018-05-21 16:58:00.336 [http-nio-9090-exec-10] DEBUG com.my.blog.website.service.impl.SiteServiceImpl - Exit recentContents method
2018-05-21 16:58:00.336 [http-nio-9090-exec-10] DEBUG com.my.blog.website.service.impl.SiteServiceImpl - Enter getStatistics method
2018-05-21 16:58:00.349 [http-nio-9090-exec-10] DEBUG com.my.blog.website.service.impl.SiteServiceImpl - Exit getStatistics method
2018-05-21 16:58:00.349 [http-nio-9090-exec-10] DEBUG com.my.blog.website.service.impl.LogServiceImpl - Enter getLogs method:page=1,linit=5
2018-05-21 16:58:00.356 [http-nio-9090-exec-10] DEBUG com.my.blog.website.service.impl.LogServiceImpl - Exit getLogs method
2018-05-21 16:58:00.356 [http-nio-9090-exec-10] INFO  com.my.blog.website.controller.admin.IndexController - Exit admin index method
2018-05-21 17:00:04.806 [http-nio-9090-exec-6] INFO  com.my.blog.website.controller.admin.IndexController - Enter admin index method
2018-05-21 17:00:04.806 [http-nio-9090-exec-6] DEBUG com.my.blog.website.service.impl.SiteServiceImpl - Enter recentComments method:limit=5
2018-05-21 17:00:04.811 [http-nio-9090-exec-6] DEBUG com.my.blog.website.service.impl.SiteServiceImpl - Exit recentComments method
2018-05-21 17:00:04.811 [http-nio-9090-exec-6] DEBUG com.my.blog.website.service.impl.SiteServiceImpl - Enter recentContents method
2018-05-21 17:00:04.820 [http-nio-9090-exec-6] DEBUG com.my.blog.website.service.impl.SiteServiceImpl - Exit recentContents method
2018-05-21 17:00:04.820 [http-nio-9090-exec-6] DEBUG com.my.blog.website.service.impl.SiteServiceImpl - Enter getStatistics method
2018-05-21 17:00:04.829 [http-nio-9090-exec-6] DEBUG com.my.blog.website.service.impl.SiteServiceImpl - Exit getStatistics method
2018-05-21 17:00:04.830 [http-nio-9090-exec-6] DEBUG com.my.blog.website.service.impl.LogServiceImpl - Enter getLogs method:page=1,linit=5
2018-05-21 17:00:04.834 [http-nio-9090-exec-6] DEBUG com.my.blog.website.service.impl.LogServiceImpl - Exit getLogs method
2018-05-21 17:00:04.834 [http-nio-9090-exec-6] INFO  com.my.blog.website.controller.admin.IndexController - Exit admin index method
2018-05-21 17:00:42.434 [http-nio-9090-exec-5] INFO  com.my.blog.website.controller.admin.IndexController - Enter admin index method
2018-05-21 17:00:42.434 [http-nio-9090-exec-5] DEBUG com.my.blog.website.service.impl.SiteServiceImpl - Enter recentComments method:limit=5
2018-05-21 17:00:42.436 [http-nio-9090-exec-5] DEBUG com.my.blog.website.service.impl.SiteServiceImpl - Exit recentComments method
2018-05-21 17:00:42.436 [http-nio-9090-exec-5] DEBUG com.my.blog.website.service.impl.SiteServiceImpl - Enter recentContents method
2018-05-21 17:00:42.442 [http-nio-9090-exec-5] DEBUG com.my.blog.website.service.impl.SiteServiceImpl - Exit recentContents method
2018-05-21 17:00:42.442 [http-nio-9090-exec-5] DEBUG com.my.blog.website.service.impl.SiteServiceImpl - Enter getStatistics method
2018-05-21 17:00:42.449 [http-nio-9090-exec-5] DEBUG com.my.blog.website.service.impl.SiteServiceImpl - Exit getStatistics method
2018-05-21 17:00:42.449 [http-nio-9090-exec-5] DEBUG com.my.blog.website.service.impl.LogServiceImpl - Enter getLogs method:page=1,linit=5
2018-05-21 17:00:42.451 [http-nio-9090-exec-5] DEBUG com.my.blog.website.service.impl.LogServiceImpl - Exit getLogs method
2018-05-21 17:00:42.451 [http-nio-9090-exec-5] INFO  com.my.blog.website.controller.admin.IndexController - Exit admin index method
2018-05-21 17:32:01.739 [http-nio-9090-exec-9] INFO  com.my.blog.website.controller.admin.IndexController - Enter admin index method
2018-05-21 17:32:01.739 [http-nio-9090-exec-9] DEBUG com.my.blog.website.service.impl.SiteServiceImpl - Enter recentComments method:limit=5
2018-05-21 17:32:01.773 [http-nio-9090-exec-9] DEBUG com.my.blog.website.service.impl.SiteServiceImpl - Exit recentComments method
2018-05-21 17:32:01.773 [http-nio-9090-exec-9] DEBUG com.my.blog.website.service.impl.SiteServiceImpl - Enter recentContents method
2018-05-21 17:32:01.797 [http-nio-9090-exec-9] DEBUG com.my.blog.website.service.impl.SiteServiceImpl - Exit recentContents method
2018-05-21 17:32:01.797 [http-nio-9090-exec-9] DEBUG com.my.blog.website.service.impl.SiteServiceImpl - Enter getStatistics method
2018-05-21 17:32:01.812 [http-nio-9090-exec-9] DEBUG com.my.blog.website.service.impl.SiteServiceImpl - Exit getStatistics method
2018-05-21 17:32:01.812 [http-nio-9090-exec-9] DEBUG com.my.blog.website.service.impl.LogServiceImpl - Enter getLogs method:page=1,linit=5
2018-05-21 17:32:01.819 [http-nio-9090-exec-9] DEBUG com.my.blog.website.service.impl.LogServiceImpl - Exit getLogs method
2018-05-21 17:32:01.819 [http-nio-9090-exec-9] INFO  com.my.blog.website.controller.admin.IndexController - Exit admin index method
2018-05-21 17:32:27.555 [http-nio-9090-exec-8] DEBUG com.my.blog.website.service.impl.RelationshipServiceImpl - Enter countById method:cid=2,mid=1
2018-05-21 17:32:27.557 [http-nio-9090-exec-8] DEBUG com.my.blog.website.service.impl.RelationshipServiceImpl - Exit countById method return num=0
2018-05-24 15:44:04.881 [http-nio-9090-exec-1] DEBUG com.my.blog.website.service.impl.ContentServiceImpl - Enter getContents method
2018-05-24 15:44:05.212 [http-nio-9090-exec-1] DEBUG com.my.blog.website.service.impl.ContentServiceImpl - Exit getContents method
2018-06-01 19:19:25.781 [http-nio-9090-exec-1] DEBUG com.my.blog.website.service.impl.ContentServiceImpl - Enter getContents method
2018-06-01 19:19:25.995 [http-nio-9090-exec-1] DEBUG com.my.blog.website.service.impl.ContentServiceImpl - Exit getContents method
2018-06-01 19:20:27.140 [http-nio-9090-exec-10] INFO  com.my.blog.website.controller.admin.IndexController - Enter admin index method
2018-06-01 19:20:27.141 [http-nio-9090-exec-10] DEBUG com.my.blog.website.service.impl.SiteServiceImpl - Enter recentComments method:limit=5
2018-06-01 19:20:27.143 [http-nio-9090-exec-10] DEBUG com.my.blog.website.service.impl.SiteServiceImpl - Exit recentComments method
2018-06-01 19:20:27.143 [http-nio-9090-exec-10] DEBUG com.my.blog.website.service.impl.SiteServiceImpl - Enter recentContents method
2018-06-01 19:20:27.151 [http-nio-9090-exec-10] DEBUG com.my.blog.website.service.impl.SiteServiceImpl - Exit recentContents method
2018-06-01 19:20:27.151 [http-nio-9090-exec-10] DEBUG com.my.blog.website.service.impl.SiteServiceImpl - Enter getStatistics method
2018-06-01 19:20:27.178 [http-nio-9090-exec-10] DEBUG com.my.blog.website.service.impl.SiteServiceImpl - Exit getStatistics method
2018-06-01 19:20:27.178 [http-nio-9090-exec-10] DEBUG com.my.blog.website.service.impl.LogServiceImpl - Enter getLogs method:page=1,linit=5
2018-06-01 19:20:27.185 [http-nio-9090-exec-10] DEBUG com.my.blog.website.service.impl.LogServiceImpl - Exit getLogs method
2018-06-01 19:20:27.185 [http-nio-9090-exec-10] INFO  com.my.blog.website.controller.admin.IndexController - Exit admin index method
2018-06-01 19:29:27.753 [http-nio-9090-exec-6] INFO  com.my.blog.website.controller.admin.IndexController - Enter admin index method
2018-06-01 19:29:27.753 [http-nio-9090-exec-6] DEBUG com.my.blog.website.service.impl.SiteServiceImpl - Enter recentComments method:limit=5
2018-06-01 19:29:27.780 [http-nio-9090-exec-6] DEBUG com.my.blog.website.service.impl.SiteServiceImpl - Exit recentComments method
2018-06-01 19:29:27.780 [http-nio-9090-exec-6] DEBUG com.my.blog.website.service.impl.SiteServiceImpl - Enter recentContents method
2018-06-01 19:29:27.798 [http-nio-9090-exec-6] DEBUG com.my.blog.website.service.impl.SiteServiceImpl - Exit recentContents method
2018-06-01 19:29:27.798 [http-nio-9090-exec-6] DEBUG com.my.blog.website.service.impl.SiteServiceImpl - Enter getStatistics method
2018-06-01 19:29:27.817 [http-nio-9090-exec-6] DEBUG com.my.blog.website.service.impl.SiteServiceImpl - Exit getStatistics method
2018-06-01 19:29:27.817 [http-nio-9090-exec-6] DEBUG com.my.blog.website.service.impl.LogServiceImpl - Enter getLogs method:page=1,linit=5
2018-06-01 19:29:27.824 [http-nio-9090-exec-6] DEBUG com.my.blog.website.service.impl.LogServiceImpl - Exit getLogs method
2018-06-01 19:29:27.824 [http-nio-9090-exec-6] INFO  com.my.blog.website.controller.admin.IndexController - Exit admin index method
2018-06-01 19:31:42.120 [http-nio-9090-exec-3] INFO  com.my.blog.website.controller.admin.IndexController - Enter admin index method
2018-06-01 19:31:42.120 [http-nio-9090-exec-3] DEBUG com.my.blog.website.service.impl.SiteServiceImpl - Enter recentComments method:limit=5
2018-06-01 19:31:42.123 [http-nio-9090-exec-3] DEBUG com.my.blog.website.service.impl.SiteServiceImpl - Exit recentComments method
2018-06-01 19:31:42.123 [http-nio-9090-exec-3] DEBUG com.my.blog.website.service.impl.SiteServiceImpl - Enter recentContents method
2018-06-01 19:31:42.128 [http-nio-9090-exec-3] DEBUG com.my.blog.website.service.impl.SiteServiceImpl - Exit recentContents method
2018-06-01 19:31:42.128 [http-nio-9090-exec-3] DEBUG com.my.blog.website.service.impl.SiteServiceImpl - Enter getStatistics method
2018-06-01 19:31:42.134 [http-nio-9090-exec-3] DEBUG com.my.blog.website.service.impl.SiteServiceImpl - Exit getStatistics method
2018-06-01 19:31:42.134 [http-nio-9090-exec-3] DEBUG com.my.blog.website.service.impl.LogServiceImpl - Enter getLogs method:page=1,linit=5
2018-06-01 19:31:42.136 [http-nio-9090-exec-3] DEBUG com.my.blog.website.service.impl.LogServiceImpl - Exit getLogs method
2018-06-01 19:31:42.136 [http-nio-9090-exec-3] INFO  com.my.blog.website.controller.admin.IndexController - Exit admin index method
